2026-06-24 15:01:28,238 - INFO - [COHANCE_NS] Inserted 375 rows (duplicates ignored)
2026-06-24 15:01:28,238 - INFO - Inserted 375 rows for COHANCE.NS
2026-06-24 15:01:28,436 - INFO - [TATATECH_NS] Inserted 375 rows (duplicates ignored)
2026-06-24 15:01:28,436 - INFO - Inserted 375 rows for TATATECH.NS
2026-06-24 15:01:28,633 - INFO - [SONACOMS_NS] Inserted 374 rows (duplicates ignored)
2026-06-24 15:01:28,633 - INFO - Inserted 374 rows for SONACOMS.NS
2026-06-24 15:01:28,819 - INFO - [AMBER_NS] Inserted 375 rows (duplicates ignored)
2026-06-24 15:01:28,819 - INFO - Inserted 375 rows for AMBER.NS
2026-06-24 15:01:28,835 - INFO - Cycle complete. README updated.
2026-06-24 15:15:57,253 - INFO - Starting data fetch cycle...
2026-06-24 15:15:57,547 - INFO - [LALPATHLAB_NS] Inserted 375 rows (duplicates ignored)
2026-06-24 15:15:57,547 - INFO - Inserted 375 rows for LALPATHLAB.NS
2026-06-24 15:15:57,687 - INFO - [PIRAMALFIN_NS] Inserted 371 rows (duplicates ignored)
2026-06-24 15:15:57,688 - INFO - Inserted 371 rows for PIRAMALFIN.NS
2026-06-24 15:15:57,903 - INFO - [NBCC_NS] Inserted 374 rows (duplicates ignored)
2026-06-24 15:15:57,903 - INFO - Inserted 374 rows for NBCC.NS
2026-06-24 15:15:58,049 - INFO - [PNBHOUSING_NS] Inserted 374 rows (duplicates ignored)
2026-06-24 15:15:58,049 - INFO - Inserted 374 rows for PNBHOUSING.NS
2026-06-24 15:15:58,208 - INFO - [NEULANDLAB_NS] Inserted 374 rows (duplicates ignored)
2026-06-24 15:15:58,208 - INFO - Inserted 374 rows for NEULANDLAB.NS
2026-06-24 15:15:58,347 - INFO - [KAYNES_NS] Inserted 374 rows (duplicates ignored)
2026-06-24 15:15:58,347 - INFO - Inserted 374 rows for KAYNES.NS
2026-06-24 15:15:58,483 - INFO - [SAILIFE_NS] Inserted 374 rows (duplicates ignored)
2026-06-24 15:15:58,483 - INFO - Inserted 374 rows for SAILIFE.NS
2026-06-24 15:15:58,691 - INFO - [HSCL_NS] Inserted 374 rows (duplicates ignored)
2026-06-24 15:15:58,691 - INFO - Inserted 374 rows for HSCL.NS
2026-06-24 15:15:58,840 - INFO - [GLAND_NS] Inserted 374 rows (duplicates ignored)
2026-06-24 15:15:58,840 - INFO - Inserted 374 rows for GLAND.NS
2026-06-24 15:15:59,021 - INFO - [NATCOPHARM_NS] Inserted 374 rows (duplicates ignored)
2026-06-24 15:15:59,022 - INFO - Inserted 374 rows for NATCOPHARM.NS
2026-06-24 15:15:59,200 - INFO - [CHOLAHLDNG_NS] Inserted 361 rows (duplicates ignored)
2026-06-24 15:15:59,200 - INFO - Inserted 361 rows for CHOLAHLDNG.NS
2026-06-24 15:15:59,336 - INFO - [AFFLE_NS] Inserted 351 rows (duplicates ignored)
2026-06-24 15:15:59,336 - INFO - Inserted 351 rows for AFFLE.NS
2026-06-24 15:15:59,511 - INFO - [POONAWALLA_NS] Inserted 370 rows (duplicates ignored)
2026-06-24 15:15:59,511 - INFO - Inserted 370 rows for POONAWALLA.NS
2026-06-24 15:15:59,704 - INFO - [ANGELONE_NS] Inserted 374 rows (duplicates ignored)
2026-06-24 15:15:59,704 - INFO - Inserted 374 rows for ANGELONE.NS
2026-06-24 15:15:59,867 - INFO - [CROMPTON_NS] Inserted 374 rows (duplicates ignored)
2026-06-24 15:15:59,867 - INFO - Inserted 374 rows for CROMPTON.NS
2026-06-24 15:16:00,196 - INFO - [ASTERDM_NS] Inserted 374 rows (duplicates ignored)
2026-06-24 15:16:00,196 - INFO - Inserted 374 rows for ASTERDM.NS
2026-06-24 15:16:00,345 - INFO - [COHANCE_NS] Inserted 375 rows (duplicates ignored)
2026-06-24 15:16:00,345 - INFO - Inserted 375 rows for COHANCE.NS
2026-06-24 15:16:00,496 - INFO - [TATATECH_NS] Inserted 375 rows (duplicates ignored)
2026-06-24 15:16:00,496 - INFO - Inserted 375 rows for TATATECH.NS
2026-06-24 15:16:00,676 - INFO - [SONACOMS_NS] Inserted 373 rows (duplicates ignored)
2026-06-24 15:16:00,676 - INFO - Inserted 373 rows for SONACOMS.NS
2026-06-24 15:16:00,853 - INFO - [AMBER_NS] Inserted 374 rows (duplicates ignored)
2026-06-24 15:16:00,853 - INFO - Inserted 374 rows for AMBER.NS
2026-06-24 15:16:00,869 - INFO - Cycle complete. README updated.
2026-06-24 15:31:12,473 - INFO - Starting data fetch cycle...
2026-06-24 15:31:12,764 - INFO - [LALPATHLAB_NS] Inserted 375 rows (duplicates ignored)
2026-06-24 15:31:12,764 - INFO - Inserted 375 rows for LALPATHLAB.NS
2026-06-24 15:31:12,910 - INFO - [PIRAMALFIN_NS] Inserted 372 rows (duplicates ignored)
2026-06-24 15:31:12,910 - INFO - Inserted 372 rows for PIRAMALFIN.NS
2026-06-24 15:31:13,096 - INFO - [NBCC_NS] Inserted 375 rows (duplicates ignored)
2026-06-24 15:31:13,096 - INFO - Inserted 375 rows for NBCC.NS
2026-06-24 15:31:13,244 - INFO - [PNBHOUSING_NS] Inserted 375 rows (duplicates ignored)
2026-06-24 15:31:13,244 - INFO - Inserted 375 rows for PNBHOUSING.NS
2026-06-24 15:31:13,399 - INFO - [NEULANDLAB_NS] Inserted 375 rows (duplicates ignored)
2026-06-24 15:31:13,399 - INFO - Inserted 375 rows for NEULANDLAB.NS
2026-06-24 15:31:13,564 - INFO - [KAYNES_NS] Inserted 375 rows (duplicates ignored)
2026-06-24 15:31:13,564 - INFO - Inserted 375 rows for KAYNES.NS
2026-06-24 15:31:13,700 - INFO - [SAILIFE_NS] Inserted 375 rows (duplicates ignored)
2026-06-24 15:31:13,701 - INFO - Inserted 375 rows for SAILIFE.NS
2026-06-24 15:31:13,908 - INFO - [HSCL_NS] Inserted 375 rows (duplicates ignored)
2026-06-24 15:31:13,908 - INFO - Inserted 375 rows for HSCL.NS
2026-06-24 15:31:14,073 - INFO - [GLAND_NS] Inserted 375 rows (duplicates ignored)
2026-06-24 15:31:14,073 - INFO - Inserted 375 rows for GLAND.NS
2026-06-24 15:31:14,260 - INFO - [NATCOPHARM_NS] Inserted 375 rows (duplicates ignored)
2026-06-24 15:31:14,260 - INFO - Inserted 375 rows for NATCOPHARM.NS
2026-06-24 15:31:14,446 - INFO - [CHOLAHLDNG_NS] Inserted 362 rows (duplicates ignored)
2026-06-24 15:31:14,446 - INFO - Inserted 362 rows for CHOLAHLDNG.NS
2026-06-24 15:31:14,584 - INFO - [AFFLE_NS] Inserted 351 rows (duplicates ignored)
2026-06-24 15:31:14,584 - INFO - Inserted 351 rows for AFFLE.NS
2026-06-24 15:31:14,779 - INFO - [POONAWALLA_NS] Inserted 371 rows (duplicates ignored)
2026-06-24 15:31:14,779 - INFO - Inserted 371 rows for POONAWALLA.NS
2026-06-24 15:31:15,006 - INFO - [ANGELONE_NS] Inserted 375 rows (duplicates ignored)
2026-06-24 15:31:15,006 - INFO - Inserted 375 rows for ANGELONE.NS
2026-06-24 15:31:15,183 - INFO - [CROMPTON_NS] Inserted 375 rows (duplicates ignored)
2026-06-24 15:31:15,183 - INFO - Inserted 375 rows for CROMPTON.NS
2026-06-24 15:31:15,382 - INFO - [ASTERDM_NS] Inserted 375 rows (duplicates ignored)
2026-06-24 15:31:15,382 - INFO - Inserted 375 rows for ASTERDM.NS
2026-06-24 15:31:15,649 - INFO - [COHANCE_NS] Inserted 375 rows (duplicates ignored)
2026-06-24 15:31:15,649 - INFO - Inserted 375 rows for COHANCE.NS
2026-06-24 15:31:15,829 - INFO - [TATATECH_NS] Inserted 375 rows (duplicates ignored)
2026-06-24 15:31:15,829 - INFO - Inserted 375 rows for TATATECH.NS
2026-06-24 15:31:16,033 - INFO - [SONACOMS_NS] Inserted 374 rows (duplicates ignored)
2026-06-24 15:31:16,034 - INFO - Inserted 374 rows for SONACOMS.NS
2026-06-24 15:31:16,181 - INFO - [AMBER_NS] Inserted 375 rows (duplicates ignored)
2026-06-24 15:31:16,181 - INFO - Inserted 375 rows for AMBER.NS
2026-06-24 15:31:16,193 - INFO - Cycle complete. README updated.
2026-06-24 15:45:58,756 - INFO - Starting data fetch cycle...
2026-06-24 15:45:59,340 - INFO - [LALPATHLAB_NS] Inserted 375 rows (duplicates ignored)
2026-06-24 15:45:59,341 - INFO - Inserted 375 rows for LALPATHLAB.NS
2026-06-24 15:45:59,610 - INFO - [PIRAMALFIN_NS] Inserted 371 rows (duplicates ignored)
2026-06-24 15:45:59,610 - INFO - Inserted 371 rows for PIRAMALFIN.NS
2026-06-24 15:45:59,907 - INFO - [NBCC_NS] Inserted 374 rows (duplicates ignored)
2026-06-24 15:45:59,907 - INFO - Inserted 374 rows for NBCC.NS
2026-06-24 15:46:00,165 - INFO - [PNBHOUSING_NS] Inserted 374 rows (duplicates ignored)
2026-06-24 15:46:00,165 - INFO - Inserted 374 rows for PNBHOUSING.NS
2026-06-24 15:46:00,462 - INFO - [NEULANDLAB_NS] Inserted 374 rows (duplicates ignored)
2026-06-24 15:46:00,462 - INFO - Inserted 374 rows for NEULANDLAB.NS
2026-06-24 15:46:00,668 - INFO - [KAYNES_NS] Inserted 374 rows (duplicates ignored)
2026-06-24 15:46:00,668 - INFO - Inserted 374 rows for KAYNES.NS
2026-06-24 15:46:00,946 - INFO - [SAILIFE_NS] Inserted 374 rows (duplicates ignored)
2026-06-24 15:46:00,946 - INFO - Inserted 374 rows for SAILIFE.NS
2026-06-24 15:46:01,183 - INFO - [HSCL_NS] Inserted 374 rows (duplicates ignored)
2026-06-24 15:46:01,183 - INFO - Inserted 374 rows for HSCL.NS
2026-06-24 15:46:01,394 - INFO - [GLAND_NS] Inserted 374 rows (duplicates ignored)
2026-06-24 15:46:01,394 - INFO - Inserted 374 rows for GLAND.NS
2026-06-24 15:46:01,652 - INFO - [NATCOPHARM_NS] Inserted 374 rows (duplicates ignored)
2026-06-24 15:46:01,652 - INFO - Inserted 374 rows for NATCOPHARM.NS
2026-06-24 15:46:01,902 - INFO - [CHOLAHLDNG_NS] Inserted 361 rows (duplicates ignored)
2026-06-24 15:46:01,903 - INFO - Inserted 361 rows for CHOLAHLDNG.NS
2026-06-24 15:46:02,200 - INFO - [AFFLE_NS] Inserted 351 rows (duplicates ignored)
2026-06-24 15:46:02,200 - INFO - Inserted 351 rows for AFFLE.NS
2026-06-24 15:46:02,447 - INFO - [POONAWALLA_NS] Inserted 370 rows (duplicates ignored)
2026-06-24 15:46:02,447 - INFO - Inserted 370 rows for POONAWALLA.NS
2026-06-24 15:46:02,673 - INFO - [ANGELONE_NS] Inserted 374 rows (duplicates ignored)
2026-06-24 15:46:02,673 - INFO - Inserted 374 rows for ANGELONE.NS
2026-06-24 15:46:02,960 - INFO - [CROMPTON_NS] Inserted 374 rows (duplicates ignored)
2026-06-24 15:46:02,960 - INFO - Inserted 374 rows for CROMPTON.NS
2026-06-24 15:46:03,176 - INFO - [ASTERDM_NS] Inserted 374 rows (duplicates ignored)
2026-06-24 15:46:03,176 - INFO - Inserted 374 rows for ASTERDM.NS
2026-06-24 15:46:03,390 - INFO - [COHANCE_NS] Inserted 375 rows (duplicates ignored)
2026-06-24 15:46:03,390 - INFO - Inserted 375 rows for COHANCE.NS
2026-06-24 15:46:03,595 - INFO - [TATATECH_NS] Inserted 375 rows (duplicates ignored)
2026-06-24 15:46:03,595 - INFO - Inserted 375 rows for TATATECH.NS
2026-06-24 15:46:03,905 - INFO - [SONACOMS_NS] Inserted 373 rows (duplicates ignored)
2026-06-24 15:46:03,906 - INFO - Inserted 373 rows for SONACOMS.NS
2026-06-24 15:46:04,111 - INFO - [AMBER_NS] Inserted 374 rows (duplicates ignored)
2026-06-24 15:46:04,111 - INFO - Inserted 374 rows for AMBER.NS
2026-06-24 15:46:04,124 - INFO - Cycle complete. README updated.
